<?xml version="1.0" encoding="UTF-8"?>
<testsuite xmlns:xsi="http://www.w3.org/2001/XMLSchema-instance" xsi:noNamespaceSchemaLocation="https://maven.apache.org/surefire/maven-surefire-plugin/xsd/surefire-test-report.xsd" name="ApplyAsDeveloperTest" time="38.894" tests="1" errors="1" skipped="0" failures="0">
  <properties>
    <property name="java.specification.version" value="14"/>
    <property name="sun.jnu.encoding" value="UTF-8"/>
    <property name="java.class.path" value="/Users/mario/Desktop/TQS/lab3/P4HomePage/target/test-classes:/Users/mario/Desktop/TQS/lab3/P4HomePage/target/classes:/Users/mario/.m2/repository/org/junit/jupiter/junit-jupiter-engine/5.7.1/junit-jupiter-engine-5.7.1.jar:/Users/mario/.m2/repository/org/apiguardian/apiguardian-api/1.1.0/apiguardian-api-1.1.0.jar:/Users/mario/.m2/repository/org/junit/platform/junit-platform-engine/1.7.1/junit-platform-engine-1.7.1.jar:/Users/mario/.m2/repository/org/junit/jupiter/junit-jupiter-api/5.7.1/junit-jupiter-api-5.7.1.jar:/Users/mario/.m2/repository/org/opentest4j/opentest4j/1.2.0/opentest4j-1.2.0.jar:/Users/mario/.m2/repository/org/junit/platform/junit-platform-commons/1.7.1/junit-platform-commons-1.7.1.jar:/Users/mario/.m2/repository/org/junit/vintage/junit-vintage-engine/5.7.1/junit-vintage-engine-5.7.1.jar:/Users/mario/.m2/repository/junit/junit/4.13/junit-4.13.jar:/Users/mario/.m2/repository/org/hamcrest/hamcrest-core/1.3/hamcrest-core-1.3.jar:/Users/mario/.m2/repository/org/hamcrest/hamcrest-all/1.3/hamcrest-all-1.3.jar:/Users/mario/.m2/repository/org/mockito/mockito-core/3.3.3/mockito-core-3.3.3.jar:/Users/mario/.m2/repository/net/bytebuddy/byte-buddy/1.10.5/byte-buddy-1.10.5.jar:/Users/mario/.m2/repository/net/bytebuddy/byte-buddy-agent/1.10.5/byte-buddy-agent-1.10.5.jar:/Users/mario/.m2/repository/org/objenesis/objenesis/2.6/objenesis-2.6.jar:/Users/mario/.m2/repository/org/mockito/mockito-junit-jupiter/3.3.3/mockito-junit-jupiter-3.3.3.jar:/Users/mario/.m2/repository/org/JUnit/jupiter/JUnit-jupiter-api/5.7.0/JUnit-jupiter-api-5.7.0.jar:/Users/mario/.m2/repository/org/seleniumhq/selenium/selenium-java/4.0.0-alpha-7/selenium-java-4.0.0-alpha-7.jar:/Users/mario/.m2/repository/org/seleniumhq/selenium/selenium-api/4.0.0-alpha-7/selenium-api-4.0.0-alpha-7.jar:/Users/mario/.m2/repository/org/seleniumhq/selenium/selenium-chrome-driver/4.0.0-alpha-7/selenium-chrome-driver-4.0.0-alpha-7.jar:/Users/mario/.m2/repository/com/google/auto/service/auto-service-annotations/1.0-rc7/auto-service-annotations-1.0-rc7.jar:/Users/mario/.m2/repository/com/google/auto/service/auto-service/1.0-rc7/auto-service-1.0-rc7.jar:/Users/mario/.m2/repository/com/google/auto/auto-common/0.10/auto-common-0.10.jar:/Users/mario/.m2/repository/org/seleniumhq/selenium/selenium-chromium-driver/4.0.0-alpha-7/selenium-chromium-driver-4.0.0-alpha-7.jar:/Users/mario/.m2/repository/org/seleniumhq/selenium/selenium-devtools/4.0.0-alpha-7/selenium-devtools-4.0.0-alpha-7.jar:/Users/mario/.m2/repository/org/seleniumhq/selenium/selenium-http/4.0.0-alpha-7/selenium-http-4.0.0-alpha-7.jar:/Users/mario/.m2/repository/org/seleniumhq/selenium/selenium-json/4.0.0-alpha-7/selenium-json-4.0.0-alpha-7.jar:/Users/mario/.m2/repository/org/seleniumhq/selenium/selenium-devtools-v84/4.0.0-alpha-7/selenium-devtools-v84-4.0.0-alpha-7.jar:/Users/mario/.m2/repository/org/seleniumhq/selenium/selenium-devtools-v85/4.0.0-alpha-7/selenium-devtools-v85-4.0.0-alpha-7.jar:/Users/mario/.m2/repository/org/seleniumhq/selenium/selenium-devtools-v86/4.0.0-alpha-7/selenium-devtools-v86-4.0.0-alpha-7.jar:/Users/mario/.m2/repository/org/seleniumhq/selenium/selenium-devtools-v87/4.0.0-alpha-7/selenium-devtools-v87-4.0.0-alpha-7.jar:/Users/mario/.m2/repository/org/seleniumhq/selenium/selenium-edge-driver/4.0.0-alpha-7/selenium-edge-driver-4.0.0-alpha-7.jar:/Users/mario/.m2/repository/org/seleniumhq/selenium/selenium-edgehtml-driver/4.0.0-alpha-7/selenium-edgehtml-driver-4.0.0-alpha-7.jar:/Users/mario/.m2/repository/org/seleniumhq/selenium/selenium-firefox-driver/4.0.0-alpha-7/selenium-firefox-driver-4.0.0-alpha-7.jar:/Users/mario/.m2/repository/org/seleniumhq/selenium/selenium-firefox-xpi-driver/4.0.0-alpha-7/selenium-firefox-xpi-driver-4.0.0-alpha-7.jar:/Users/mario/.m2/repository/org/seleniumhq/selenium/selenium-ie-driver/4.0.0-alpha-7/selenium-ie-driver-4.0.0-alpha-7.jar:/Users/mario/.m2/repository/org/seleniumhq/selenium/selenium-opera-driver/4.0.0-alpha-7/selenium-opera-driver-4.0.0-alpha-7.jar:/Users/mario/.m2/repository/org/seleniumhq/selenium/selenium-remote-driver/4.0.0-alpha-7/selenium-remote-driver-4.0.0-alpha-7.jar:/Users/mario/.m2/repository/com/typesafe/netty/netty-reactive-streams/2.0.4/netty-reactive-streams-2.0.4.jar:/Users/mario/.m2/repository/io/netty/netty-handler/4.1.43.Final/netty-handler-4.1.43.Final.jar:/Users/mario/.m2/repository/org/reactivestreams/reactive-streams/1.0.3/reactive-streams-1.0.3.jar:/Users/mario/.m2/repository/io/grpc/grpc-context/1.32.1/grpc-context-1.32.1.jar:/Users/mario/.m2/repository/io/netty/netty-buffer/4.1.53.Final/netty-buffer-4.1.53.Final.jar:/Users/mario/.m2/repository/io/netty/netty-codec-http/4.1.53.Final/netty-codec-http-4.1.53.Final.jar:/Users/mario/.m2/repository/io/netty/netty-codec/4.1.53.Final/netty-codec-4.1.53.Final.jar:/Users/mario/.m2/repository/io/netty/netty-common/4.1.53.Final/netty-common-4.1.53.Final.jar:/Users/mario/.m2/repository/io/netty/netty-transport-native-epoll/4.1.53.Final/netty-transport-native-epoll-4.1.53.Final.jar:/Users/mario/.m2/repository/io/netty/netty-transport-native-epoll/4.1.53.Final/netty-transport-native-epoll-4.1.53.Final-linux-x86_64.jar:/Users/mario/.m2/repository/io/netty/netty-transport-native-kqueue/4.1.53.Final/netty-transport-native-kqueue-4.1.53.Final.jar:/Users/mario/.m2/repository/io/netty/netty-transport-native-kqueue/4.1.53.Final/netty-transport-native-kqueue-4.1.53.Final-osx-x86_64.jar:/Users/mario/.m2/repository/io/netty/netty-transport-native-unix-common/4.1.53.Final/netty-transport-native-unix-common-4.1.53.Final.jar:/Users/mario/.m2/repository/io/netty/netty-transport/4.1.53.Final/netty-transport-4.1.53.Final.jar:/Users/mario/.m2/repository/io/netty/netty-resolver/4.1.53.Final/netty-resolver-4.1.53.Final.jar:/Users/mario/.m2/repository/io/opentelemetry/opentelemetry-api/0.9.1/opentelemetry-api-0.9.1.jar:/Users/mario/.m2/repository/io/opentelemetry/opentelemetry-context-prop/0.9.1/opentelemetry-context-prop-0.9.1.jar:/Users/mario/.m2/repository/io/opentelemetry/opentelemetry-sdk/0.9.1/opentelemetry-sdk-0.9.1.jar:/Users/mario/.m2/repository/io/opentelemetry/opentelemetry-sdk-common/0.9.1/opentelemetry-sdk-common-0.9.1.jar:/Users/mario/.m2/repository/io/opentelemetry/opentelemetry-sdk-baggage/0.9.1/opentelemetry-sdk-baggage-0.9.1.jar:/Users/mario/.m2/repository/io/opentelemetry/opentelemetry-sdk-metrics/0.9.1/opentelemetry-sdk-metrics-0.9.1.jar:/Users/mario/.m2/repository/io/opentelemetry/opentelemetry-sdk-tracing/0.9.1/opentelemetry-sdk-tracing-0.9.1.jar:/Users/mario/.m2/repository/io/projectreactor/netty/reactor-netty-http/1.0.0/reactor-netty-http-1.0.0.jar:/Users/mario/.m2/repository/io/netty/netty-codec-http2/4.1.53.Final/netty-codec-http2-4.1.53.Final.jar:/Users/mario/.m2/repository/io/netty/netty-resolver-dns/4.1.53.Final/netty-resolver-dns-4.1.53.Final.jar:/Users/mario/.m2/repository/io/netty/netty-codec-dns/4.1.53.Final/netty-codec-dns-4.1.53.Final.jar:/Users/mario/.m2/repository/io/projectreactor/netty/reactor-netty-core/1.0.0/reactor-netty-core-1.0.0.jar:/Users/mario/.m2/repository/io/projectreactor/netty/reactor-netty/1.0.0/reactor-netty-1.0.0.jar:/Users/mario/.m2/repository/io/projectreactor/netty/reactor-netty-http-brave/1.0.0/reactor-netty-http-brave-1.0.0.jar:/Users/mario/.m2/repository/io/zipkin/brave/brave-instrumentation-http/5.12.7/brave-instrumentation-http-5.12.7.jar:/Users/mario/.m2/repository/io/zipkin/brave/brave/5.12.7/brave-5.12.7.jar:/Users/mario/.m2/repository/io/zipkin/reporter2/zipkin-reporter-brave/2.15.2/zipkin-reporter-brave-2.15.2.jar:/Users/mario/.m2/repository/io/zipkin/reporter2/zipkin-reporter/2.15.2/zipkin-reporter-2.15.2.jar:/Users/mario/.m2/repository/io/zipkin/zipkin2/zipkin/2.21.7/zipkin-2.21.7.jar:/Users/mario/.m2/repository/io/projectreactor/reactor-core/3.4.0/reactor-core-3.4.0.jar:/Users/mario/.m2/repository/org/apache/commons/commons-exec/1.3/commons-exec-1.3.jar:/Users/mario/.m2/repository/org/asynchttpclient/async-http-client/2.12.1/async-http-client-2.12.1.jar:/Users/mario/.m2/repository/org/asynchttpclient/async-http-client-netty-utils/2.12.1/async-http-client-netty-utils-2.12.1.jar:/Users/mario/.m2/repository/io/netty/netty-codec-socks/4.1.48.Final/netty-codec-socks-4.1.48.Final.jar:/Users/mario/.m2/repository/io/netty/netty-handler-proxy/4.1.48.Final/netty-handler-proxy-4.1.48.Final.jar:/Users/mario/.m2/repository/com/sun/activation/javax.activation/1.2.0/javax.activation-1.2.0.jar:/Users/mario/.m2/repository/org/seleniumhq/selenium/selenium-safari-driver/4.0.0-alpha-7/selenium-safari-driver-4.0.0-alpha-7.jar:/Users/mario/.m2/repository/org/seleniumhq/selenium/selenium-support/4.0.0-alpha-7/selenium-support-4.0.0-alpha-7.jar:/Users/mario/.m2/repository/io/github/bonigarcia/selenium-jupiter/3.4.0/selenium-jupiter-3.4.0.jar:/Users/mario/.m2/repository/io/github/bonigarcia/webdrivermanager/4.3.1/webdrivermanager-4.3.1.jar:/Users/mario/.m2/repository/commons-io/commons-io/2.8.0/commons-io-2.8.0.jar:/Users/mario/.m2/repository/com/google/code/gson/gson/2.8.6/gson-2.8.6.jar:/Users/mario/.m2/repository/org/apache/commons/commons-lang3/3.11/commons-lang3-3.11.jar:/Users/mario/.m2/repository/org/apache/httpcomponents/client5/httpclient5/5.0.3/httpclient5-5.0.3.jar:/Users/mario/.m2/repository/org/apache/httpcomponents/core5/httpcore5/5.0.2/httpcore5-5.0.2.jar:/Users/mario/.m2/repository/org/apache/httpcomponents/core5/httpcore5-h2/5.0.2/httpcore5-h2-5.0.2.jar:/Users/mario/.m2/repository/commons-codec/commons-codec/1.13/commons-codec-1.13.jar:/Users/mario/.m2/repository/org/rauschig/jarchivelib/1.1.0/jarchivelib-1.1.0.jar:/Users/mario/.m2/repository/org/apache/commons/commons-compress/1.20/commons-compress-1.20.jar:/Users/mario/.m2/repository/org/jsoup/jsoup/1.13.1/jsoup-1.13.1.jar:/Users/mario/.m2/repository/io/appium/java-client/7.4.1/java-client-7.4.1.jar:/Users/mario/.m2/repository/org/apache/httpcomponents/httpclient/4.5.13/httpclient-4.5.13.jar:/Users/mario/.m2/repository/org/apache/httpcomponents/httpcore/4.4.13/httpcore-4.4.13.jar:/Users/mario/.m2/repository/commons-logging/commons-logging/1.2/commons-logging-1.2.jar:/Users/mario/.m2/repository/cglib/cglib/3.3.0/cglib-3.3.0.jar:/Users/mario/.m2/repository/org/ow2/asm/asm/7.1/asm-7.1.jar:/Users/mario/.m2/repository/commons-validator/commons-validator/1.7/commons-validator-1.7.jar:/Users/mario/.m2/repository/commons-beanutils/commons-beanutils/1.9.4/commons-beanutils-1.9.4.jar:/Users/mario/.m2/repository/commons-digester/commons-digester/2.1/commons-digester-2.1.jar:/Users/mario/.m2/repository/commons-collections/commons-collections/3.2.2/commons-collections-3.2.2.jar:/Users/mario/.m2/repository/org/springframework/spring-context/5.3.1/spring-context-5.3.1.jar:/Users/mario/.m2/repository/org/springframework/spring-aop/5.3.1/spring-aop-5.3.1.jar:/Users/mario/.m2/repository/org/springframework/spring-beans/5.3.1/spring-beans-5.3.1.jar:/Users/mario/.m2/repository/org/springframework/spring-core/5.3.1/spring-core-5.3.1.jar:/Users/mario/.m2/repository/org/springframework/spring-jcl/5.3.1/spring-jcl-5.3.1.jar:/Users/mario/.m2/repository/org/springframework/spring-expression/5.3.1/spring-expression-5.3.1.jar:/Users/mario/.m2/repository/org/aspectj/aspectjweaver/1.9.6/aspectjweaver-1.9.6.jar:/Users/mario/.m2/repository/com/github/docker-java/docker-java/3.2.7/docker-java-3.2.7.jar:/Users/mario/.m2/repository/com/github/docker-java/docker-java-core/3.2.7/docker-java-core-3.2.7.jar:/Users/mario/.m2/repository/com/github/docker-java/docker-java-api/3.2.7/docker-java-api-3.2.7.jar:/Users/mario/.m2/repository/com/fasterxml/jackson/core/jackson-annotations/2.10.3/jackson-annotations-2.10.3.jar:/Users/mario/.m2/repository/commons-lang/commons-lang/2.6/commons-lang-2.6.jar:/Users/mario/.m2/repository/com/fasterxml/jackson/core/jackson-databind/2.10.3/jackson-databind-2.10.3.jar:/Users/mario/.m2/repository/com/fasterxml/jackson/core/jackson-core/2.10.3/jackson-core-2.10.3.jar:/Users/mario/.m2/repository/org/bouncycastle/bcpkix-jdk15on/1.64/bcpkix-jdk15on-1.64.jar:/Users/mario/.m2/repository/org/bouncycastle/bcprov-jdk15on/1.64/bcprov-jdk15on-1.64.jar:/Users/mario/.m2/repository/org/slf4j/jcl-over-slf4j/1.7.30/jcl-over-slf4j-1.7.30.jar:/Users/mario/.m2/repository/org/awaitility/awaitility/4.0.1/awaitility-4.0.1.jar:/Users/mario/.m2/repository/org/hamcrest/hamcrest/2.1/hamcrest-2.1.jar:/Users/mario/.m2/repository/com/github/docker-java/docker-java-transport-httpclient5/3.2.7/docker-java-transport-httpclient5-3.2.7.jar:/Users/mario/.m2/repository/com/github/docker-java/docker-java-transport/3.2.7/docker-java-transport-3.2.7.jar:/Users/mario/.m2/repository/net/java/dev/jna/jna/5.5.0/jna-5.5.0.jar:/Users/mario/.m2/repository/com/codeborne/phantomjsdriver/1.4.4/phantomjsdriver-1.4.4.jar:/Users/mario/.m2/repository/com/codeborne/selenide/5.18.0/selenide-5.18.0.jar:/Users/mario/.m2/repository/org/seleniumhq/selenium/htmlunit-driver/2.46.0/htmlunit-driver-2.46.0.jar:/Users/mario/.m2/repository/net/sourceforge/htmlunit/htmlunit/2.46.0/htmlunit-2.46.0.jar:/Users/mario/.m2/repository/xalan/xalan/2.7.2/xalan-2.7.2.jar:/Users/mario/.m2/repository/xalan/serializer/2.7.2/serializer-2.7.2.jar:/Users/mario/.m2/repository/org/apache/commons/commons-text/1.9/commons-text-1.9.jar:/Users/mario/.m2/repository/org/apache/httpcomponents/httpmime/4.5.13/httpmime-4.5.13.jar:/Users/mario/.m2/repository/net/sourceforge/htmlunit/htmlunit-core-js/2.46.0/htmlunit-core-js-2.46.0.jar:/Users/mario/.m2/repository/net/sourceforge/htmlunit/neko-htmlunit/2.46.0/neko-htmlunit-2.46.0.jar:/Users/mario/.m2/repository/xerces/xercesImpl/2.12.0/xercesImpl-2.12.0.jar:/Users/mario/.m2/repository/xml-apis/xml-apis/1.4.01/xml-apis-1.4.01.jar:/Users/mario/.m2/repository/net/sourceforge/htmlunit/htmlunit-cssparser/1.7.0/htmlunit-cssparser-1.7.0.jar:/Users/mario/.m2/repository/commons-net/commons-net/3.7.2/commons-net-3.7.2.jar:/Users/mario/.m2/repository/org/brotli/dec/0.1.2/dec-0.1.2.jar:/Users/mario/.m2/repository/com/shapesecurity/salvation2/3.0.0/salvation2-3.0.0.jar:/Users/mario/.m2/repository/org/eclipse/jetty/websocket/websocket-client/9.4.35.v20201120/websocket-client-9.4.35.v20201120.jar:/Users/mario/.m2/repository/org/eclipse/jetty/jetty-client/9.4.35.v20201120/jetty-client-9.4.35.v20201120.jar:/Users/mario/.m2/repository/org/eclipse/jetty/jetty-http/9.4.35.v20201120/jetty-http-9.4.35.v20201120.jar:/Users/mario/.m2/repository/org/eclipse/jetty/jetty-util/9.4.35.v20201120/jetty-util-9.4.35.v20201120.jar:/Users/mario/.m2/repository/org/eclipse/jetty/jetty-io/9.4.35.v20201120/jetty-io-9.4.35.v20201120.jar:/Users/mario/.m2/repository/org/eclipse/jetty/websocket/websocket-common/9.4.35.v20201120/websocket-common-9.4.35.v20201120.jar:/Users/mario/.m2/repository/org/eclipse/jetty/websocket/websocket-api/9.4.35.v20201120/websocket-api-9.4.35.v20201120.jar:/Users/mario/.m2/repository/org/slf4j/slf4j-api/1.7.25/slf4j-api-1.7.25.jar:/Users/mario/.m2/repository/ch/qos/logback/logback-classic/1.2.3/logback-classic-1.2.3.jar:/Users/mario/.m2/repository/ch/qos/logback/logback-core/1.2.3/logback-core-1.2.3.jar:/Users/mario/.m2/repository/com/squareup/retrofit2/retrofit/2.5.0/retrofit-2.5.0.jar:/Users/mario/.m2/repository/com/squareup/okhttp3/okhttp/3.12.0/okhttp-3.12.0.jar:/Users/mario/.m2/repository/com/squareup/okio/okio/1.15.0/okio-1.15.0.jar:/Users/mario/.m2/repository/com/squareup/retrofit2/adapter-rxjava/2.5.0/adapter-rxjava-2.5.0.jar:/Users/mario/.m2/repository/io/reactivex/rxjava/1.3.0/rxjava-1.3.0.jar:/Users/mario/.m2/repository/com/squareup/retrofit2/converter-gson/2.5.0/converter-gson-2.5.0.jar:/Users/mario/.m2/repository/com/google/guava/guava/28.1-jre/guava-28.1-jre.jar:/Users/mario/.m2/repository/com/google/guava/failureaccess/1.0.1/failureaccess-1.0.1.jar:/Users/mario/.m2/repository/com/google/guava/listenablefuture/9999.0-empty-to-avoid-conflict-with-guava/listenablefuture-9999.0-empty-to-avoid-conflict-with-guava.jar:/Users/mario/.m2/repository/com/google/code/findbugs/jsr305/3.0.2/jsr305-3.0.2.jar:/Users/mario/.m2/repository/org/checkerframework/checker-qual/2.8.1/checker-qual-2.8.1.jar:/Users/mario/.m2/repository/com/google/errorprone/error_prone_annotations/2.3.2/error_prone_annotations-2.3.2.jar:/Users/mario/.m2/repository/com/google/j2objc/j2objc-annotations/1.3/j2objc-annotations-1.3.jar:/Users/mario/.m2/repository/org/codehaus/mojo/animal-sniffer-annotations/1.18/animal-sniffer-annotations-1.18.jar:/Users/mario/.m2/repository/org/apache/commons/commons-collections4/4.4/commons-collections4-4.4.jar:"/>
    <property name="java.vm.vendor" value="Oracle Corporation"/>
    <property name="sun.arch.data.model" value="64"/>
    <property name="java.vendor.url" value="https://openjdk.java.net/"/>
    <property name="os.name" value="Mac OS X"/>
    <property name="java.vm.specification.version" value="14"/>
    <property name="sun.java.launcher" value="SUN_STANDARD"/>
    <property name="user.country" value="GB"/>
    <property name="sun.boot.library.path" value="/usr/local/Cellar/openjdk/14.0.1/libexec/openjdk.jdk/Contents/Home/lib"/>
    <property name="sun.java.command" value="/Users/mario/Desktop/TQS/lab3/P4HomePage/target/surefire/surefirebooter689519541395290540.jar /Users/mario/Desktop/TQS/lab3/P4HomePage/target/surefire 2021-04-07T17-07-27_297-jvmRun1 surefire9388591165523229039tmp surefire_012089543297513639292tmp"/>
    <property name="http.nonProxyHosts" value="local|*.local|169.254/16|*.169.254/16"/>
    <property name="jdk.debug" value="release"/>
    <property name="surefire.test.class.path" value="/Users/mario/Desktop/TQS/lab3/P4HomePage/target/test-classes:/Users/mario/Desktop/TQS/lab3/P4HomePage/target/classes:/Users/mario/.m2/repository/org/junit/jupiter/junit-jupiter-engine/5.7.1/junit-jupiter-engine-5.7.1.jar:/Users/mario/.m2/repository/org/apiguardian/apiguardian-api/1.1.0/apiguardian-api-1.1.0.jar:/Users/mario/.m2/repository/org/junit/platform/junit-platform-engine/1.7.1/junit-platform-engine-1.7.1.jar:/Users/mario/.m2/repository/org/junit/jupiter/junit-jupiter-api/5.7.1/junit-jupiter-api-5.7.1.jar:/Users/mario/.m2/repository/org/opentest4j/opentest4j/1.2.0/opentest4j-1.2.0.jar:/Users/mario/.m2/repository/org/junit/platform/junit-platform-commons/1.7.1/junit-platform-commons-1.7.1.jar:/Users/mario/.m2/repository/org/junit/vintage/junit-vintage-engine/5.7.1/junit-vintage-engine-5.7.1.jar:/Users/mario/.m2/repository/junit/junit/4.13/junit-4.13.jar:/Users/mario/.m2/repository/org/hamcrest/hamcrest-core/1.3/hamcrest-core-1.3.jar:/Users/mario/.m2/repository/org/hamcrest/hamcrest-all/1.3/hamcrest-all-1.3.jar:/Users/mario/.m2/repository/org/mockito/mockito-core/3.3.3/mockito-core-3.3.3.jar:/Users/mario/.m2/repository/net/bytebuddy/byte-buddy/1.10.5/byte-buddy-1.10.5.jar:/Users/mario/.m2/repository/net/bytebuddy/byte-buddy-agent/1.10.5/byte-buddy-agent-1.10.5.jar:/Users/mario/.m2/repository/org/objenesis/objenesis/2.6/objenesis-2.6.jar:/Users/mario/.m2/repository/org/mockito/mockito-junit-jupiter/3.3.3/mockito-junit-jupiter-3.3.3.jar:/Users/mario/.m2/repository/org/JUnit/jupiter/JUnit-jupiter-api/5.7.0/JUnit-jupiter-api-5.7.0.jar:/Users/mario/.m2/repository/org/seleniumhq/selenium/selenium-java/4.0.0-alpha-7/selenium-java-4.0.0-alpha-7.jar:/Users/mario/.m2/repository/org/seleniumhq/selenium/selenium-api/4.0.0-alpha-7/selenium-api-4.0.0-alpha-7.jar:/Users/mario/.m2/repository/org/seleniumhq/selenium/selenium-chrome-driver/4.0.0-alpha-7/selenium-chrome-driver-4.0.0-alpha-7.jar:/Users/mario/.m2/repository/com/google/auto/service/auto-service-annotations/1.0-rc7/auto-service-annotations-1.0-rc7.jar:/Users/mario/.m2/repository/com/google/auto/service/auto-service/1.0-rc7/auto-service-1.0-rc7.jar:/Users/mario/.m2/repository/com/google/auto/auto-common/0.10/auto-common-0.10.jar:/Users/mario/.m2/repository/org/seleniumhq/selenium/selenium-chromium-driver/4.0.0-alpha-7/selenium-chromium-driver-4.0.0-alpha-7.jar:/Users/mario/.m2/repository/org/seleniumhq/selenium/selenium-devtools/4.0.0-alpha-7/selenium-devtools-4.0.0-alpha-7.jar:/Users/mario/.m2/repository/org/seleniumhq/selenium/selenium-http/4.0.0-alpha-7/selenium-http-4.0.0-alpha-7.jar:/Users/mario/.m2/repository/org/seleniumhq/selenium/selenium-json/4.0.0-alpha-7/selenium-json-4.0.0-alpha-7.jar:/Users/mario/.m2/repository/org/seleniumhq/selenium/selenium-devtools-v84/4.0.0-alpha-7/selenium-devtools-v84-4.0.0-alpha-7.jar:/Users/mario/.m2/repository/org/seleniumhq/selenium/selenium-devtools-v85/4.0.0-alpha-7/selenium-devtools-v85-4.0.0-alpha-7.jar:/Users/mario/.m2/repository/org/seleniumhq/selenium/selenium-devtools-v86/4.0.0-alpha-7/selenium-devtools-v86-4.0.0-alpha-7.jar:/Users/mario/.m2/repository/org/seleniumhq/selenium/selenium-devtools-v87/4.0.0-alpha-7/selenium-devtools-v87-4.0.0-alpha-7.jar:/Users/mario/.m2/repository/org/seleniumhq/selenium/selenium-edge-driver/4.0.0-alpha-7/selenium-edge-driver-4.0.0-alpha-7.jar:/Users/mario/.m2/repository/org/seleniumhq/selenium/selenium-edgehtml-driver/4.0.0-alpha-7/selenium-edgehtml-driver-4.0.0-alpha-7.jar:/Users/mario/.m2/repository/org/seleniumhq/selenium/selenium-firefox-driver/4.0.0-alpha-7/selenium-firefox-driver-4.0.0-alpha-7.jar:/Users/mario/.m2/repository/org/seleniumhq/selenium/selenium-firefox-xpi-driver/4.0.0-alpha-7/selenium-firefox-xpi-driver-4.0.0-alpha-7.jar:/Users/mario/.m2/repository/org/seleniumhq/selenium/selenium-ie-driver/4.0.0-alpha-7/selenium-ie-driver-4.0.0-alpha-7.jar:/Users/mario/.m2/repository/org/seleniumhq/selenium/selenium-opera-driver/4.0.0-alpha-7/selenium-opera-driver-4.0.0-alpha-7.jar:/Users/mario/.m2/repository/org/seleniumhq/selenium/selenium-remote-driver/4.0.0-alpha-7/selenium-remote-driver-4.0.0-alpha-7.jar:/Users/mario/.m2/repository/com/typesafe/netty/netty-reactive-streams/2.0.4/netty-reactive-streams-2.0.4.jar:/Users/mario/.m2/repository/io/netty/netty-handler/4.1.43.Final/netty-handler-4.1.43.Final.jar:/Users/mario/.m2/repository/org/reactivestreams/reactive-streams/1.0.3/reactive-streams-1.0.3.jar:/Users/mario/.m2/repository/io/grpc/grpc-context/1.32.1/grpc-context-1.32.1.jar:/Users/mario/.m2/repository/io/netty/netty-buffer/4.1.53.Final/netty-buffer-4.1.53.Final.jar:/Users/mario/.m2/repository/io/netty/netty-codec-http/4.1.53.Final/netty-codec-http-4.1.53.Final.jar:/Users/mario/.m2/repository/io/netty/netty-codec/4.1.53.Final/netty-codec-4.1.53.Final.jar:/Users/mario/.m2/repository/io/netty/netty-common/4.1.53.Final/netty-common-4.1.53.Final.jar:/Users/mario/.m2/repository/io/netty/netty-transport-native-epoll/4.1.53.Final/netty-transport-native-epoll-4.1.53.Final.jar:/Users/mario/.m2/repository/io/netty/netty-transport-native-epoll/4.1.53.Final/netty-transport-native-epoll-4.1.53.Final-linux-x86_64.jar:/Users/mario/.m2/repository/io/netty/netty-transport-native-kqueue/4.1.53.Final/netty-transport-native-kqueue-4.1.53.Final.jar:/Users/mario/.m2/repository/io/netty/netty-transport-native-kqueue/4.1.53.Final/netty-transport-native-kqueue-4.1.53.Final-osx-x86_64.jar:/Users/mario/.m2/repository/io/netty/netty-transport-native-unix-common/4.1.53.Final/netty-transport-native-unix-common-4.1.53.Final.jar:/Users/mario/.m2/repository/io/netty/netty-transport/4.1.53.Final/netty-transport-4.1.53.Final.jar:/Users/mario/.m2/repository/io/netty/netty-resolver/4.1.53.Final/netty-resolver-4.1.53.Final.jar:/Users/mario/.m2/repository/io/opentelemetry/opentelemetry-api/0.9.1/opentelemetry-api-0.9.1.jar:/Users/mario/.m2/repository/io/opentelemetry/opentelemetry-context-prop/0.9.1/opentelemetry-context-prop-0.9.1.jar:/Users/mario/.m2/repository/io/opentelemetry/opentelemetry-sdk/0.9.1/opentelemetry-sdk-0.9.1.jar:/Users/mario/.m2/repository/io/opentelemetry/opentelemetry-sdk-common/0.9.1/opentelemetry-sdk-common-0.9.1.jar:/Users/mario/.m2/repository/io/opentelemetry/opentelemetry-sdk-baggage/0.9.1/opentelemetry-sdk-baggage-0.9.1.jar:/Users/mario/.m2/repository/io/opentelemetry/opentelemetry-sdk-metrics/0.9.1/opentelemetry-sdk-metrics-0.9.1.jar:/Users/mario/.m2/repository/io/opentelemetry/opentelemetry-sdk-tracing/0.9.1/opentelemetry-sdk-tracing-0.9.1.jar:/Users/mario/.m2/repository/io/projectreactor/netty/reactor-netty-http/1.0.0/reactor-netty-http-1.0.0.jar:/Users/mario/.m2/repository/io/netty/netty-codec-http2/4.1.53.Final/netty-codec-http2-4.1.53.Final.jar:/Users/mario/.m2/repository/io/netty/netty-resolver-dns/4.1.53.Final/netty-resolver-dns-4.1.53.Final.jar:/Users/mario/.m2/repository/io/netty/netty-codec-dns/4.1.53.Final/netty-codec-dns-4.1.53.Final.jar:/Users/mario/.m2/repository/io/projectreactor/netty/reactor-netty-core/1.0.0/reactor-netty-core-1.0.0.jar:/Users/mario/.m2/repository/io/projectreactor/netty/reactor-netty/1.0.0/reactor-netty-1.0.0.jar:/Users/mario/.m2/repository/io/projectreactor/netty/reactor-netty-http-brave/1.0.0/reactor-netty-http-brave-1.0.0.jar:/Users/mario/.m2/repository/io/zipkin/brave/brave-instrumentation-http/5.12.7/brave-instrumentation-http-5.12.7.jar:/Users/mario/.m2/repository/io/zipkin/brave/brave/5.12.7/brave-5.12.7.jar:/Users/mario/.m2/repository/io/zipkin/reporter2/zipkin-reporter-brave/2.15.2/zipkin-reporter-brave-2.15.2.jar:/Users/mario/.m2/repository/io/zipkin/reporter2/zipkin-reporter/2.15.2/zipkin-reporter-2.15.2.jar:/Users/mario/.m2/repository/io/zipkin/zipkin2/zipkin/2.21.7/zipkin-2.21.7.jar:/Users/mario/.m2/repository/io/projectreactor/reactor-core/3.4.0/reactor-core-3.4.0.jar:/Users/mario/.m2/repository/org/apache/commons/commons-exec/1.3/commons-exec-1.3.jar:/Users/mario/.m2/repository/org/asynchttpclient/async-http-client/2.12.1/async-http-client-2.12.1.jar:/Users/mario/.m2/repository/org/asynchttpclient/async-http-client-netty-utils/2.12.1/async-http-client-netty-utils-2.12.1.jar:/Users/mario/.m2/repository/io/netty/netty-codec-socks/4.1.48.Final/netty-codec-socks-4.1.48.Final.jar:/Users/mario/.m2/repository/io/netty/netty-handler-proxy/4.1.48.Final/netty-handler-proxy-4.1.48.Final.jar:/Users/mario/.m2/repository/com/sun/activation/javax.activation/1.2.0/javax.activation-1.2.0.jar:/Users/mario/.m2/repository/org/seleniumhq/selenium/selenium-safari-driver/4.0.0-alpha-7/selenium-safari-driver-4.0.0-alpha-7.jar:/Users/mario/.m2/repository/org/seleniumhq/selenium/selenium-support/4.0.0-alpha-7/selenium-support-4.0.0-alpha-7.jar:/Users/mario/.m2/repository/io/github/bonigarcia/selenium-jupiter/3.4.0/selenium-jupiter-3.4.0.jar:/Users/mario/.m2/repository/io/github/bonigarcia/webdrivermanager/4.3.1/webdrivermanager-4.3.1.jar:/Users/mario/.m2/repository/commons-io/commons-io/2.8.0/commons-io-2.8.0.jar:/Users/mario/.m2/repository/com/google/code/gson/gson/2.8.6/gson-2.8.6.jar:/Users/mario/.m2/repository/org/apache/commons/commons-lang3/3.11/commons-lang3-3.11.jar:/Users/mario/.m2/repository/org/apache/httpcomponents/client5/httpclient5/5.0.3/httpclient5-5.0.3.jar:/Users/mario/.m2/repository/org/apache/httpcomponents/core5/httpcore5/5.0.2/httpcore5-5.0.2.jar:/Users/mario/.m2/repository/org/apache/httpcomponents/core5/httpcore5-h2/5.0.2/httpcore5-h2-5.0.2.jar:/Users/mario/.m2/repository/commons-codec/commons-codec/1.13/commons-codec-1.13.jar:/Users/mario/.m2/repository/org/rauschig/jarchivelib/1.1.0/jarchivelib-1.1.0.jar:/Users/mario/.m2/repository/org/apache/commons/commons-compress/1.20/commons-compress-1.20.jar:/Users/mario/.m2/repository/org/jsoup/jsoup/1.13.1/jsoup-1.13.1.jar:/Users/mario/.m2/repository/io/appium/java-client/7.4.1/java-client-7.4.1.jar:/Users/mario/.m2/repository/org/apache/httpcomponents/httpclient/4.5.13/httpclient-4.5.13.jar:/Users/mario/.m2/repository/org/apache/httpcomponents/httpcore/4.4.13/httpcore-4.4.13.jar:/Users/mario/.m2/repository/commons-logging/commons-logging/1.2/commons-logging-1.2.jar:/Users/mario/.m2/repository/cglib/cglib/3.3.0/cglib-3.3.0.jar:/Users/mario/.m2/repository/org/ow2/asm/asm/7.1/asm-7.1.jar:/Users/mario/.m2/repository/commons-validator/commons-validator/1.7/commons-validator-1.7.jar:/Users/mario/.m2/repository/commons-beanutils/commons-beanutils/1.9.4/commons-beanutils-1.9.4.jar:/Users/mario/.m2/repository/commons-digester/commons-digester/2.1/commons-digester-2.1.jar:/Users/mario/.m2/repository/commons-collections/commons-collections/3.2.2/commons-collections-3.2.2.jar:/Users/mario/.m2/repository/org/springframework/spring-context/5.3.1/spring-context-5.3.1.jar:/Users/mario/.m2/repository/org/springframework/spring-aop/5.3.1/spring-aop-5.3.1.jar:/Users/mario/.m2/repository/org/springframework/spring-beans/5.3.1/spring-beans-5.3.1.jar:/Users/mario/.m2/repository/org/springframework/spring-core/5.3.1/spring-core-5.3.1.jar:/Users/mario/.m2/repository/org/springframework/spring-jcl/5.3.1/spring-jcl-5.3.1.jar:/Users/mario/.m2/repository/org/springframework/spring-expression/5.3.1/spring-expression-5.3.1.jar:/Users/mario/.m2/repository/org/aspectj/aspectjweaver/1.9.6/aspectjweaver-1.9.6.jar:/Users/mario/.m2/repository/com/github/docker-java/docker-java/3.2.7/docker-java-3.2.7.jar:/Users/mario/.m2/repository/com/github/docker-java/docker-java-core/3.2.7/docker-java-core-3.2.7.jar:/Users/mario/.m2/repository/com/github/docker-java/docker-java-api/3.2.7/docker-java-api-3.2.7.jar:/Users/mario/.m2/repository/com/fasterxml/jackson/core/jackson-annotations/2.10.3/jackson-annotations-2.10.3.jar:/Users/mario/.m2/repository/commons-lang/commons-lang/2.6/commons-lang-2.6.jar:/Users/mario/.m2/repository/com/fasterxml/jackson/core/jackson-databind/2.10.3/jackson-databind-2.10.3.jar:/Users/mario/.m2/repository/com/fasterxml/jackson/core/jackson-core/2.10.3/jackson-core-2.10.3.jar:/Users/mario/.m2/repository/org/bouncycastle/bcpkix-jdk15on/1.64/bcpkix-jdk15on-1.64.jar:/Users/mario/.m2/repository/org/bouncycastle/bcprov-jdk15on/1.64/bcprov-jdk15on-1.64.jar:/Users/mario/.m2/repository/org/slf4j/jcl-over-slf4j/1.7.30/jcl-over-slf4j-1.7.30.jar:/Users/mario/.m2/repository/org/awaitility/awaitility/4.0.1/awaitility-4.0.1.jar:/Users/mario/.m2/repository/org/hamcrest/hamcrest/2.1/hamcrest-2.1.jar:/Users/mario/.m2/repository/com/github/docker-java/docker-java-transport-httpclient5/3.2.7/docker-java-transport-httpclient5-3.2.7.jar:/Users/mario/.m2/repository/com/github/docker-java/docker-java-transport/3.2.7/docker-java-transport-3.2.7.jar:/Users/mario/.m2/repository/net/java/dev/jna/jna/5.5.0/jna-5.5.0.jar:/Users/mario/.m2/repository/com/codeborne/phantomjsdriver/1.4.4/phantomjsdriver-1.4.4.jar:/Users/mario/.m2/repository/com/codeborne/selenide/5.18.0/selenide-5.18.0.jar:/Users/mario/.m2/repository/org/seleniumhq/selenium/htmlunit-driver/2.46.0/htmlunit-driver-2.46.0.jar:/Users/mario/.m2/repository/net/sourceforge/htmlunit/htmlunit/2.46.0/htmlunit-2.46.0.jar:/Users/mario/.m2/repository/xalan/xalan/2.7.2/xalan-2.7.2.jar:/Users/mario/.m2/repository/xalan/serializer/2.7.2/serializer-2.7.2.jar:/Users/mario/.m2/repository/org/apache/commons/commons-text/1.9/commons-text-1.9.jar:/Users/mario/.m2/repository/org/apache/httpcomponents/httpmime/4.5.13/httpmime-4.5.13.jar:/Users/mario/.m2/repository/net/sourceforge/htmlunit/htmlunit-core-js/2.46.0/htmlunit-core-js-2.46.0.jar:/Users/mario/.m2/repository/net/sourceforge/htmlunit/neko-htmlunit/2.46.0/neko-htmlunit-2.46.0.jar:/Users/mario/.m2/repository/xerces/xercesImpl/2.12.0/xercesImpl-2.12.0.jar:/Users/mario/.m2/repository/xml-apis/xml-apis/1.4.01/xml-apis-1.4.01.jar:/Users/mario/.m2/repository/net/sourceforge/htmlunit/htmlunit-cssparser/1.7.0/htmlunit-cssparser-1.7.0.jar:/Users/mario/.m2/repository/commons-net/commons-net/3.7.2/commons-net-3.7.2.jar:/Users/mario/.m2/repository/org/brotli/dec/0.1.2/dec-0.1.2.jar:/Users/mario/.m2/repository/com/shapesecurity/salvation2/3.0.0/salvation2-3.0.0.jar:/Users/mario/.m2/repository/org/eclipse/jetty/websocket/websocket-client/9.4.35.v20201120/websocket-client-9.4.35.v20201120.jar:/Users/mario/.m2/repository/org/eclipse/jetty/jetty-client/9.4.35.v20201120/jetty-client-9.4.35.v20201120.jar:/Users/mario/.m2/repository/org/eclipse/jetty/jetty-http/9.4.35.v20201120/jetty-http-9.4.35.v20201120.jar:/Users/mario/.m2/repository/org/eclipse/jetty/jetty-util/9.4.35.v20201120/jetty-util-9.4.35.v20201120.jar:/Users/mario/.m2/repository/org/eclipse/jetty/jetty-io/9.4.35.v20201120/jetty-io-9.4.35.v20201120.jar:/Users/mario/.m2/repository/org/eclipse/jetty/websocket/websocket-common/9.4.35.v20201120/websocket-common-9.4.35.v20201120.jar:/Users/mario/.m2/repository/org/eclipse/jetty/websocket/websocket-api/9.4.35.v20201120/websocket-api-9.4.35.v20201120.jar:/Users/mario/.m2/repository/org/slf4j/slf4j-api/1.7.25/slf4j-api-1.7.25.jar:/Users/mario/.m2/repository/ch/qos/logback/logback-classic/1.2.3/logback-classic-1.2.3.jar:/Users/mario/.m2/repository/ch/qos/logback/logback-core/1.2.3/logback-core-1.2.3.jar:/Users/mario/.m2/repository/com/squareup/retrofit2/retrofit/2.5.0/retrofit-2.5.0.jar:/Users/mario/.m2/repository/com/squareup/okhttp3/okhttp/3.12.0/okhttp-3.12.0.jar:/Users/mario/.m2/repository/com/squareup/okio/okio/1.15.0/okio-1.15.0.jar:/Users/mario/.m2/repository/com/squareup/retrofit2/adapter-rxjava/2.5.0/adapter-rxjava-2.5.0.jar:/Users/mario/.m2/repository/io/reactivex/rxjava/1.3.0/rxjava-1.3.0.jar:/Users/mario/.m2/repository/com/squareup/retrofit2/converter-gson/2.5.0/converter-gson-2.5.0.jar:/Users/mario/.m2/repository/com/google/guava/guava/28.1-jre/guava-28.1-jre.jar:/Users/mario/.m2/repository/com/google/guava/failureaccess/1.0.1/failureaccess-1.0.1.jar:/Users/mario/.m2/repository/com/google/guava/listenablefuture/9999.0-empty-to-avoid-conflict-with-guava/listenablefuture-9999.0-empty-to-avoid-conflict-with-guava.jar:/Users/mario/.m2/repository/com/google/code/findbugs/jsr305/3.0.2/jsr305-3.0.2.jar:/Users/mario/.m2/repository/org/checkerframework/checker-qual/2.8.1/checker-qual-2.8.1.jar:/Users/mario/.m2/repository/com/google/errorprone/error_prone_annotations/2.3.2/error_prone_annotations-2.3.2.jar:/Users/mario/.m2/repository/com/google/j2objc/j2objc-annotations/1.3/j2objc-annotations-1.3.jar:/Users/mario/.m2/repository/org/codehaus/mojo/animal-sniffer-annotations/1.18/animal-sniffer-annotations-1.18.jar:/Users/mario/.m2/repository/org/apache/commons/commons-collections4/4.4/commons-collections4-4.4.jar:"/>
    <property name="sun.cpu.endian" value="little"/>
    <property name="user.home" value="/Users/mario"/>
    <property name="user.language" value="en"/>
    <property name="java.specification.vendor" value="Oracle Corporation"/>
    <property name="java.version.date" value="2020-04-14"/>
    <property name="java.home" value="/usr/local/Cellar/openjdk/14.0.1/libexec/openjdk.jdk/Contents/Home"/>
    <property name="file.separator" value="/"/>
    <property name="basedir" value="/Users/mario/Desktop/TQS/lab3/P4HomePage"/>
    <property name="java.vm.compressedOopsMode" value="Zero based"/>
    <property name="line.separator" value="&#10;"/>
    <property name="java.specification.name" value="Java Platform API Specification"/>
    <property name="java.vm.specification.vendor" value="Oracle Corporation"/>
    <property name="surefire.real.class.path" value="/Users/mario/Desktop/TQS/lab3/P4HomePage/target/surefire/surefirebooter689519541395290540.jar"/>
    <property name="sun.management.compiler" value="HotSpot 64-Bit Tiered Compilers"/>
    <property name="ftp.nonProxyHosts" value="local|*.local|169.254/16|*.169.254/16"/>
    <property name="java.runtime.version" value="14.0.1+14"/>
    <property name="user.name" value="mario"/>
    <property name="path.separator" value=":"/>
    <property name="os.version" value="10.15.7"/>
    <property name="java.runtime.name" value="OpenJDK Runtime Environment"/>
    <property name="file.encoding" value="UTF-8"/>
    <property name="java.vm.name" value="OpenJDK 64-Bit Server VM"/>
    <property name="localRepository" value="/Users/mario/.m2/repository"/>
    <property name="java.vendor.url.bug" value="https://bugreport.java.com/bugreport/"/>
    <property name="java.io.tmpdir" value="/var/folders/p6/n3vpmbmn2s15fhn83qmld1800000gn/T/"/>
    <property name="java.version" value="14.0.1"/>
    <property name="user.dir" value="/Users/mario/Desktop/TQS/lab3/P4HomePage"/>
    <property name="os.arch" value="x86_64"/>
    <property name="java.vm.specification.name" value="Java Virtual Machine Specification"/>
    <property name="java.library.path" value="/Users/mario/Library/Java/Extensions:/Library/Java/Extensions:/Network/Library/Java/Extensions:/System/Library/Java/Extensions:/usr/lib/java:."/>
    <property name="java.vm.info" value="mixed mode, sharing"/>
    <property name="java.vendor" value="N/A"/>
    <property name="java.vm.version" value="14.0.1+14"/>
    <property name="sun.io.unicode.encoding" value="UnicodeBig"/>
    <property name="socksNonProxyHosts" value="local|*.local|169.254/16|*.169.254/16"/>
    <property name="java.class.version" value="58.0"/>
  </properties>
  <testcase name="applyAsDeveloper{FirefoxDriver}" classname="ApplyAsDeveloperTest" time="38.883">
    <error message="Could not initialize class org.openqa.selenium.WebDriverException" type="java.lang.NoClassDefFoundError">java.lang.NoClassDefFoundError: Could not initialize class org.openqa.selenium.WebDriverException
	at ApplyAsDeveloperTest.applyAsDeveloper(ApplyAsDeveloperTest.java:17)
</error>
    <system-out><![CDATA[17:07:28.878 [main] DEBUG io.github.bonigarcia.wdm.cache.ResolutionCache - Resolution firefox=87 in cache (valid until 17:48:37 07/04/2021 WEST)
17:07:28.888 [main] DEBUG io.github.bonigarcia.wdm.cache.ResolutionCache - Resolution firefox87=0.29.0 in cache (valid until 15:11:58 08/04/2021 WEST)
17:07:28.888 [main] INFO io.github.bonigarcia.wdm.WebDriverManager - Using geckodriver 0.29.0 (resolved driver for Firefox 87)
17:07:28.910 [main] DEBUG io.github.bonigarcia.wdm.WebDriverManager - Driver geckodriver 0.29.0 found in cache
17:07:28.915 [main] INFO io.github.bonigarcia.wdm.WebDriverManager - Exporting webdriver.gecko.driver as /Users/mario/.cache/selenium/geckodriver/mac64/0.29.0/geckodriver
17:07:29.085 [main] DEBUG io.netty.util.internal.logging.InternalLoggerFactory - Using SLF4J as the default logging framework
17:07:29.090 [main] DEBUG io.netty.util.ResourceLeakDetector - -Dio.netty.leakDetection.level: simple
17:07:29.090 [main] DEBUG io.netty.util.ResourceLeakDetector - -Dio.netty.leakDetection.targetRecords: 4
17:07:29.097 [main] DEBUG io.netty.util.ResourceLeakDetectorFactory - Loaded default ResourceLeakDetector: io.netty.util.ResourceLeakDetector@625abb97
17:07:29.165 [main] DEBUG io.netty.util.internal.PlatformDependent - Platform: MacOS
17:07:29.168 [main] DEBUG io.netty.util.internal.PlatformDependent0 - -Dio.netty.noUnsafe: false
17:07:29.168 [main] DEBUG io.netty.util.internal.PlatformDependent0 - Java version: 14
17:07:29.172 [main] DEBUG io.netty.util.internal.PlatformDependent0 - sun.misc.Unsafe.theUnsafe: available
17:07:29.173 [main] DEBUG io.netty.util.internal.PlatformDependent0 - sun.misc.Unsafe.copyMemory: available
17:07:29.174 [main] DEBUG io.netty.util.internal.PlatformDependent0 - java.nio.Buffer.address: available
17:07:29.180 [main] DEBUG io.netty.util.internal.PlatformDependent0 - direct buffer constructor: unavailable
java.lang.UnsupportedOperationException: Reflective setAccessible(true) disabled
	at io.netty.util.internal.ReflectionUtil.trySetAccessible(ReflectionUtil.java:31)
	at io.netty.util.internal.PlatformDependent0$4.run(PlatformDependent0.java:238)
	at java.base/java.security.AccessController.doPrivileged(AccessController.java:312)
	at io.netty.util.internal.PlatformDependent0.<clinit>(PlatformDependent0.java:232)
	at io.netty.util.internal.PlatformDependent.isAndroid(PlatformDependent.java:293)
	at io.netty.util.internal.PlatformDependent.<clinit>(PlatformDependent.java:92)
	at io.netty.util.HashedWheelTimer.<init>(HashedWheelTimer.java:109)
	at io.netty.util.HashedWheelTimer.<init>(HashedWheelTimer.java:218)
	at io.netty.util.HashedWheelTimer.<init>(HashedWheelTimer.java:197)
	at org.asynchttpclient.DefaultAsyncHttpClient.newNettyTimer(DefaultAsyncHttpClient.java:111)
	at org.asynchttpclient.DefaultAsyncHttpClient.<init>(DefaultAsyncHttpClient.java:90)
	at org.asynchttpclient.Dsl.asyncHttpClient(Dsl.java:32)
	at org.openqa.selenium.remote.http.netty.NettyClient.<clinit>(NettyClient.java:42)
	at org.openqa.selenium.remote.http.netty.NettyClient$Factory.createClient(NettyClient.java:107)
	at org.openqa.selenium.remote.http.HttpClient$Factory.createClient(HttpClient.java:80)
	at org.openqa.selenium.remote.HttpCommandExecutor.<init>(HttpCommandExecutor.java:90)
	at org.openqa.selenium.remote.HttpCommandExecutor.<init>(HttpCommandExecutor.java:73)
	at org.openqa.selenium.remote.service.DriverCommandExecutor.<init>(DriverCommandExecutor.java:67)
	at org.openqa.selenium.firefox.FirefoxDriver$FirefoxDriverCommandExecutor.<init>(FirefoxDriver.java:147)
	at org.openqa.selenium.firefox.FirefoxDriver.toExecutor(FirefoxDriver.java:207)
	at org.openqa.selenium.firefox.FirefoxDriver.<init>(FirefoxDriver.java:177)
	at io.github.bonigarcia.seljup.handler.FirefoxDriverHandler.resolve(FirefoxDriverHandler.java:72)
	at io.github.bonigarcia.seljup.SeleniumExtension.resolveHandler(SeleniumExtension.java:322)
	at io.github.bonigarcia.seljup.SeleniumExtension.resolveParameter(SeleniumExtension.java:226)
	at org.junit.jupiter.engine.execution.ExecutableInvoker.resolveParameter(ExecutableInvoker.java:216)
	at org.junit.jupiter.engine.execution.ExecutableInvoker.resolveParameters(ExecutableInvoker.java:183)
	at org.junit.jupiter.engine.execution.ExecutableInvoker.resolveParameters(ExecutableInvoker.java:144)
	at org.junit.jupiter.engine.execution.ExecutableInvoker.invoke(ExecutableInvoker.java:96)
	at org.junit.jupiter.engine.descriptor.TestMethodTestDescriptor.lambda$invokeTestMethod$6(TestMethodTestDescriptor.java:210)
	at org.junit.platform.engine.support.hierarchical.ThrowableCollector.execute(ThrowableCollector.java:73)
	at org.junit.jupiter.engine.descriptor.TestMethodTestDescriptor.invokeTestMethod(TestMethodTestDescriptor.java:206)
	at org.junit.jupiter.engine.descriptor.TestMethodTestDescriptor.execute(TestMethodTestDescriptor.java:131)
	at org.junit.jupiter.engine.descriptor.TestMethodTestDescriptor.execute(TestMethodTestDescriptor.java:65)
	at org.junit.platform.engine.support.hierarchical.NodeTestTask.lambda$executeRecursively$5(NodeTestTask.java:139)
	at org.junit.platform.engine.support.hierarchical.ThrowableCollector.execute(ThrowableCollector.java:73)
	at org.junit.platform.engine.support.hierarchical.NodeTestTask.lambda$executeRecursively$7(NodeTestTask.java:129)
	at org.junit.platform.engine.support.hierarchical.Node.around(Node.java:137)
	at org.junit.platform.engine.support.hierarchical.NodeTestTask.lambda$executeRecursively$8(NodeTestTask.java:127)
	at org.junit.platform.engine.support.hierarchical.ThrowableCollector.execute(ThrowableCollector.java:73)
	at org.junit.platform.engine.support.hierarchical.NodeTestTask.executeRecursively(NodeTestTask.java:126)
	at org.junit.platform.engine.support.hierarchical.NodeTestTask.execute(NodeTestTask.java:84)
	at java.base/java.util.ArrayList.forEach(ArrayList.java:1510)
	at org.junit.platform.engine.support.hierarchical.SameThreadHierarchicalTestExecutorService.invokeAll(SameThreadHierarchicalTestExecutorService.java:38)
	at org.junit.platform.engine.support.hierarchical.NodeTestTask.lambda$executeRecursively$5(NodeTestTask.java:143)
	at org.junit.platform.engine.support.hierarchical.ThrowableCollector.execute(ThrowableCollector.java:73)
	at org.junit.platform.engine.support.hierarchical.NodeTestTask.lambda$executeRecursively$7(NodeTestTask.java:129)
	at org.junit.platform.engine.support.hierarchical.Node.around(Node.java:137)
	at org.junit.platform.engine.support.hierarchical.NodeTestTask.lambda$executeRecursively$8(NodeTestTask.java:127)
	at org.junit.platform.engine.support.hierarchical.ThrowableCollector.execute(ThrowableCollector.java:73)
	at org.junit.platform.engine.support.hierarchical.NodeTestTask.executeRecursively(NodeTestTask.java:126)
	at org.junit.platform.engine.support.hierarchical.NodeTestTask.execute(NodeTestTask.java:84)
	at java.base/java.util.ArrayList.forEach(ArrayList.java:1510)
	at org.junit.platform.engine.support.hierarchical.SameThreadHierarchicalTestExecutorService.invokeAll(SameThreadHierarchicalTestExecutorService.java:38)
	at org.junit.platform.engine.support.hierarchical.NodeTestTask.lambda$executeRecursively$5(NodeTestTask.java:143)
	at org.junit.platform.engine.support.hierarchical.ThrowableCollector.execute(ThrowableCollector.java:73)
	at org.junit.platform.engine.support.hierarchical.NodeTestTask.lambda$executeRecursively$7(NodeTestTask.java:129)
	at org.junit.platform.engine.support.hierarchical.Node.around(Node.java:137)
	at org.junit.platform.engine.support.hierarchical.NodeTestTask.lambda$executeRecursively$8(NodeTestTask.java:127)
	at org.junit.platform.engine.support.hierarchical.ThrowableCollector.execute(ThrowableCollector.java:73)
	at org.junit.platform.engine.support.hierarchical.NodeTestTask.executeRecursively(NodeTestTask.java:126)
	at org.junit.platform.engine.support.hierarchical.NodeTestTask.execute(NodeTestTask.java:84)
	at org.junit.platform.engine.support.hierarchical.SameThreadHierarchicalTestExecutorService.submit(SameThreadHierarchicalTestExecutorService.java:32)
	at org.junit.platform.engine.support.hierarchical.HierarchicalTestExecutor.execute(HierarchicalTestExecutor.java:57)
	at org.junit.platform.engine.support.hierarchical.HierarchicalTestEngine.execute(HierarchicalTestEngine.java:51)
	at org.junit.platform.launcher.core.DefaultLauncher.execute(DefaultLauncher.java:220)
	at org.junit.platform.launcher.core.DefaultLauncher.lambda$execute$6(DefaultLauncher.java:188)
	at org.junit.platform.launcher.core.DefaultLauncher.withInterceptedStreams(DefaultLauncher.java:202)
	at org.junit.platform.launcher.core.DefaultLauncher.execute(DefaultLauncher.java:181)
	at org.junit.platform.launcher.core.DefaultLauncher.execute(DefaultLauncher.java:128)
	at org.apache.maven.surefire.junitplatform.JUnitPlatformProvider.invokeAllTests(JUnitPlatformProvider.java:150)
	at org.apache.maven.surefire.junitplatform.JUnitPlatformProvider.invoke(JUnitPlatformProvider.java:124)
	at org.apache.maven.surefire.booter.ForkedBooter.invokeProviderInSameClassLoader(ForkedBooter.java:384)
	at org.apache.maven.surefire.booter.ForkedBooter.runSuitesInProcess(ForkedBooter.java:345)
	at org.apache.maven.surefire.booter.ForkedBooter.execute(ForkedBooter.java:126)
	at org.apache.maven.surefire.booter.ForkedBooter.main(ForkedBooter.java:418)
17:07:29.182 [main] DEBUG io.netty.util.internal.PlatformDependent0 - java.nio.Bits.unaligned: available, true
17:07:29.192 [main] DEBUG io.netty.util.internal.PlatformDependent0 - jdk.internal.misc.Unsafe.allocateUninitializedArray(int): unavailable
java.lang.IllegalAccessException: class io.netty.util.internal.PlatformDependent0$6 cannot access class jdk.internal.misc.Unsafe (in module java.base) because module java.base does not export jdk.internal.misc to unnamed module @f667fe
	at java.base/jdk.internal.reflect.Reflection.newIllegalAccessException(Reflection.java:376)
	at java.base/java.lang.reflect.AccessibleObject.checkAccess(AccessibleObject.java:647)
	at java.base/java.lang.reflect.Method.invoke(Method.java:556)
	at io.netty.util.internal.PlatformDependent0$6.run(PlatformDependent0.java:352)
	at java.base/java.security.AccessController.doPrivileged(AccessController.java:312)
	at io.netty.util.internal.PlatformDependent0.<clinit>(PlatformDependent0.java:343)
	at io.netty.util.internal.PlatformDependent.isAndroid(PlatformDependent.java:293)
	at io.netty.util.internal.PlatformDependent.<clinit>(PlatformDependent.java:92)
	at io.netty.util.HashedWheelTimer.<init>(HashedWheelTimer.java:109)
	at io.netty.util.HashedWheelTimer.<init>(HashedWheelTimer.java:218)
	at io.netty.util.HashedWheelTimer.<init>(HashedWheelTimer.java:197)
	at org.asynchttpclient.DefaultAsyncHttpClient.newNettyTimer(DefaultAsyncHttpClient.java:111)
	at org.asynchttpclient.DefaultAsyncHttpClient.<init>(DefaultAsyncHttpClient.java:90)
	at org.asynchttpclient.Dsl.asyncHttpClient(Dsl.java:32)
	at org.openqa.selenium.remote.http.netty.NettyClient.<clinit>(NettyClient.java:42)
	at org.openqa.selenium.remote.http.netty.NettyClient$Factory.createClient(NettyClient.java:107)
	at org.openqa.selenium.remote.http.HttpClient$Factory.createClient(HttpClient.java:80)
	at org.openqa.selenium.remote.HttpCommandExecutor.<init>(HttpCommandExecutor.java:90)
	at org.openqa.selenium.remote.HttpCommandExecutor.<init>(HttpCommandExecutor.java:73)
	at org.openqa.selenium.remote.service.DriverCommandExecutor.<init>(DriverCommandExecutor.java:67)
	at org.openqa.selenium.firefox.FirefoxDriver$FirefoxDriverCommandExecutor.<init>(FirefoxDriver.java:147)
	at org.openqa.selenium.firefox.FirefoxDriver.toExecutor(FirefoxDriver.java:207)
	at org.openqa.selenium.firefox.FirefoxDriver.<init>(FirefoxDriver.java:177)
	at io.github.bonigarcia.seljup.handler.FirefoxDriverHandler.resolve(FirefoxDriverHandler.java:72)
	at io.github.bonigarcia.seljup.SeleniumExtension.resolveHandler(SeleniumExtension.java:322)
	at io.github.bonigarcia.seljup.SeleniumExtension.resolveParameter(SeleniumExtension.java:226)
	at org.junit.jupiter.engine.execution.ExecutableInvoker.resolveParameter(ExecutableInvoker.java:216)
	at org.junit.jupiter.engine.execution.ExecutableInvoker.resolveParameters(ExecutableInvoker.java:183)
	at org.junit.jupiter.engine.execution.ExecutableInvoker.resolveParameters(ExecutableInvoker.java:144)
	at org.junit.jupiter.engine.execution.ExecutableInvoker.invoke(ExecutableInvoker.java:96)
	at org.junit.jupiter.engine.descriptor.TestMethodTestDescriptor.lambda$invokeTestMethod$6(TestMethodTestDescriptor.java:210)
	at org.junit.platform.engine.support.hierarchical.ThrowableCollector.execute(ThrowableCollector.java:73)
	at org.junit.jupiter.engine.descriptor.TestMethodTestDescriptor.invokeTestMethod(TestMethodTestDescriptor.java:206)
	at org.junit.jupiter.engine.descriptor.TestMethodTestDescriptor.execute(TestMethodTestDescriptor.java:131)
	at org.junit.jupiter.engine.descriptor.TestMethodTestDescriptor.execute(TestMethodTestDescriptor.java:65)
	at org.junit.platform.engine.support.hierarchical.NodeTestTask.lambda$executeRecursively$5(NodeTestTask.java:139)
	at org.junit.platform.engine.support.hierarchical.ThrowableCollector.execute(ThrowableCollector.java:73)
	at org.junit.platform.engine.support.hierarchical.NodeTestTask.lambda$executeRecursively$7(NodeTestTask.java:129)
	at org.junit.platform.engine.support.hierarchical.Node.around(Node.java:137)
	at org.junit.platform.engine.support.hierarchical.NodeTestTask.lambda$executeRecursively$8(NodeTestTask.java:127)
	at org.junit.platform.engine.support.hierarchical.ThrowableCollector.execute(ThrowableCollector.java:73)
	at org.junit.platform.engine.support.hierarchical.NodeTestTask.executeRecursively(NodeTestTask.java:126)
	at org.junit.platform.engine.support.hierarchical.NodeTestTask.execute(NodeTestTask.java:84)
	at java.base/java.util.ArrayList.forEach(ArrayList.java:1510)
	at org.junit.platform.engine.support.hierarchical.SameThreadHierarchicalTestExecutorService.invokeAll(SameThreadHierarchicalTestExecutorService.java:38)
	at org.junit.platform.engine.support.hierarchical.NodeTestTask.lambda$executeRecursively$5(NodeTestTask.java:143)
	at org.junit.platform.engine.support.hierarchical.ThrowableCollector.execute(ThrowableCollector.java:73)
	at org.junit.platform.engine.support.hierarchical.NodeTestTask.lambda$executeRecursively$7(NodeTestTask.java:129)
	at org.junit.platform.engine.support.hierarchical.Node.around(Node.java:137)
	at org.junit.platform.engine.support.hierarchical.NodeTestTask.lambda$executeRecursively$8(NodeTestTask.java:127)
	at org.junit.platform.engine.support.hierarchical.ThrowableCollector.execute(ThrowableCollector.java:73)
	at org.junit.platform.engine.support.hierarchical.NodeTestTask.executeRecursively(NodeTestTask.java:126)
	at org.junit.platform.engine.support.hierarchical.NodeTestTask.execute(NodeTestTask.java:84)
	at java.base/java.util.ArrayList.forEach(ArrayList.java:1510)
	at org.junit.platform.engine.support.hierarchical.SameThreadHierarchicalTestExecutorService.invokeAll(SameThreadHierarchicalTestExecutorService.java:38)
	at org.junit.platform.engine.support.hierarchical.NodeTestTask.lambda$executeRecursively$5(NodeTestTask.java:143)
	at org.junit.platform.engine.support.hierarchical.ThrowableCollector.execute(ThrowableCollector.java:73)
	at org.junit.platform.engine.support.hierarchical.NodeTestTask.lambda$executeRecursively$7(NodeTestTask.java:129)
	at org.junit.platform.engine.support.hierarchical.Node.around(Node.java:137)
	at org.junit.platform.engine.support.hierarchical.NodeTestTask.lambda$executeRecursively$8(NodeTestTask.java:127)
	at org.junit.platform.engine.support.hierarchical.ThrowableCollector.execute(ThrowableCollector.java:73)
	at org.junit.platform.engine.support.hierarchical.NodeTestTask.executeRecursively(NodeTestTask.java:126)
	at org.junit.platform.engine.support.hierarchical.NodeTestTask.execute(NodeTestTask.java:84)
	at org.junit.platform.engine.support.hierarchical.SameThreadHierarchicalTestExecutorService.submit(SameThreadHierarchicalTestExecutorService.java:32)
	at org.junit.platform.engine.support.hierarchical.HierarchicalTestExecutor.execute(HierarchicalTestExecutor.java:57)
	at org.junit.platform.engine.support.hierarchical.HierarchicalTestEngine.execute(HierarchicalTestEngine.java:51)
	at org.junit.platform.launcher.core.DefaultLauncher.execute(DefaultLauncher.java:220)
	at org.junit.platform.launcher.core.DefaultLauncher.lambda$execute$6(DefaultLauncher.java:188)
	at org.junit.platform.launcher.core.DefaultLauncher.withInterceptedStreams(DefaultLauncher.java:202)
	at org.junit.platform.launcher.core.DefaultLauncher.execute(DefaultLauncher.java:181)
	at org.junit.platform.launcher.core.DefaultLauncher.execute(DefaultLauncher.java:128)
	at org.apache.maven.surefire.junitplatform.JUnitPlatformProvider.invokeAllTests(JUnitPlatformProvider.java:150)
	at org.apache.maven.surefire.junitplatform.JUnitPlatformProvider.invoke(JUnitPlatformProvider.java:124)
	at org.apache.maven.surefire.booter.ForkedBooter.invokeProviderInSameClassLoader(ForkedBooter.java:384)
	at org.apache.maven.surefire.booter.ForkedBooter.runSuitesInProcess(ForkedBooter.java:345)
	at org.apache.maven.surefire.booter.ForkedBooter.execute(ForkedBooter.java:126)
	at org.apache.maven.surefire.booter.ForkedBooter.main(ForkedBooter.java:418)
17:07:29.214 [main] DEBUG io.netty.util.internal.PlatformDependent0 - java.nio.DirectByteBuffer.<init>(long, int): unavailable
17:07:29.217 [main] DEBUG io.netty.util.internal.PlatformDependent - sun.misc.Unsafe: available
17:07:29.272 [main] DEBUG io.netty.util.internal.PlatformDependent - maxDirectMemory: 4294967296 bytes (maybe)
17:07:29.274 [main] DEBUG io.netty.util.internal.PlatformDependent - -Dio.netty.tmpdir: /var/folders/p6/n3vpmbmn2s15fhn83qmld1800000gn/T (java.io.tmpdir)
17:07:29.275 [main] DEBUG io.netty.util.internal.PlatformDependent - -Dio.netty.bitMode: 64 (sun.arch.data.model)
17:07:29.291 [main] DEBUG io.netty.util.internal.PlatformDependent - -Dio.netty.maxDirectMemory: -1 bytes
17:07:29.291 [main] DEBUG io.netty.util.internal.PlatformDependent - -Dio.netty.uninitializedArrayAllocationThreshold: -1
17:07:29.303 [main] DEBUG io.netty.util.internal.CleanerJava9 - java.nio.ByteBuffer.cleaner(): available
17:07:29.305 [main] DEBUG io.netty.util.internal.PlatformDependent - -Dio.netty.noPreferDirect: false
17:07:29.336 [main] DEBUG io.netty.util.internal.PlatformDependent - org.jctools-core.MpscChunkedArrayQueue: available
17:07:29.381 [main] DEBUG io.netty.util.internal.InternalThreadLocalMap - -Dio.netty.threadLocalMap.stringBuilder.initialSize: 1024
17:07:29.381 [main] DEBUG io.netty.util.internal.InternalThreadLocalMap - -Dio.netty.threadLocalMap.stringBuilder.maxSize: 4096
17:07:29.434 [main] DEBUG io.netty.handler.ssl.JdkSslContext - Default protocols (JDK): [TLSv1.2, TLSv1.1, TLSv1] 
17:07:29.435 [main] DEBUG io.netty.handler.ssl.JdkSslContext - Default cipher suites (JDK): [TLS_ECDHE_ECDSA_WITH_AES_256_GCM_SHA384, TLS_ECDHE_ECDSA_WITH_AES_128_GCM_SHA256, TLS_ECDHE_RSA_WITH_AES_128_GCM_SHA256, TLS_ECDHE_RSA_WITH_AES_256_GCM_SHA384, TLS_ECDHE_RSA_WITH_AES_128_CBC_SHA, TLS_ECDHE_RSA_WITH_AES_256_CBC_SHA, TLS_RSA_WITH_AES_128_GCM_SHA256, TLS_RSA_WITH_AES_128_CBC_SHA, TLS_RSA_WITH_AES_256_CBC_SHA, TLS_AES_128_GCM_SHA256, TLS_AES_256_GCM_SHA384]
17:07:29.473 [main] DEBUG io.netty.channel.MultithreadEventLoopGroup - -Dio.netty.eventLoopThreads: 16
17:07:29.487 [main] DEBUG io.netty.channel.nio.NioEventLoop - -Dio.netty.noKeySetOptimization: false
17:07:29.487 [main] DEBUG io.netty.channel.nio.NioEventLoop - -Dio.netty.selectorAutoRebuildThreshold: 512
17:07:29.548 [main] DEBUG io.netty.buffer.PooledByteBufAllocator - -Dio.netty.allocator.numHeapArenas: 16
17:07:29.548 [main] DEBUG io.netty.buffer.PooledByteBufAllocator - -Dio.netty.allocator.numDirectArenas: 16
17:07:29.549 [main] DEBUG io.netty.buffer.PooledByteBufAllocator - -Dio.netty.allocator.pageSize: 8192
17:07:29.549 [main] DEBUG io.netty.buffer.PooledByteBufAllocator - -Dio.netty.allocator.maxOrder: 11
17:07:29.549 [main] DEBUG io.netty.buffer.PooledByteBufAllocator - -Dio.netty.allocator.chunkSize: 16777216
17:07:29.549 [main] DEBUG io.netty.buffer.PooledByteBufAllocator - -Dio.netty.allocator.smallCacheSize: 256
17:07:29.549 [main] DEBUG io.netty.buffer.PooledByteBufAllocator - -Dio.netty.allocator.normalCacheSize: 64
17:07:29.549 [main] DEBUG io.netty.buffer.PooledByteBufAllocator - -Dio.netty.allocator.maxCachedBufferCapacity: 32768
17:07:29.549 [main] DEBUG io.netty.buffer.PooledByteBufAllocator - -Dio.netty.allocator.cacheTrimInterval: 8192
17:07:29.549 [main] DEBUG io.netty.buffer.PooledByteBufAllocator - -Dio.netty.allocator.cacheTrimIntervalMillis: 0
17:07:29.550 [main] DEBUG io.netty.buffer.PooledByteBufAllocator - -Dio.netty.allocator.useCacheForAllThreads: true
17:07:29.550 [main] DEBUG io.netty.buffer.PooledByteBufAllocator - -Dio.netty.allocator.maxCachedByteBuffersPerChunk: 1023
17:07:29.564 [main] DEBUG io.netty.buffer.ByteBufUtil - -Dio.netty.allocator.type: pooled
17:07:29.564 [main] DEBUG io.netty.buffer.ByteBufUtil - -Dio.netty.threadLocalDirectBufferSize: 0
17:07:29.565 [main] DEBUG io.netty.buffer.ByteBufUtil - -Dio.netty.maxThreadLocalCharBufferSize: 16384
17:07:35.046 [Forwarding newSession on session null to remote] DEBUG io.netty.channel.DefaultChannelId - -Dio.netty.processId: 57307 (auto-detected)
17:07:35.049 [Forwarding newSession on session null to remote] DEBUG io.netty.util.NetUtil - -Djava.net.preferIPv4Stack: false
17:07:35.049 [Forwarding newSession on session null to remote] DEBUG io.netty.util.NetUtil - -Djava.net.preferIPv6Addresses: false
17:07:35.058 [Forwarding newSession on session null to remote] DEBUG io.netty.util.NetUtil - Loopback interface: lo0 (lo0, 0:0:0:0:0:0:0:1%lo0)
17:07:35.059 [Forwarding newSession on session null to remote] DEBUG io.netty.util.NetUtil - Failed to get SOMAXCONN from sysctl and file /proc/sys/net/core/somaxconn. Default: 128
17:07:35.062 [Forwarding newSession on session null to remote] DEBUG io.netty.channel.DefaultChannelId - -Dio.netty.machineId: b8:09:8a:ff:fe:45:58:62 (auto-detected)
17:07:35.159 [AsyncHttpClient-1-2] DEBUG io.netty.buffer.AbstractByteBuf - -Dio.netty.buffer.checkAccessible: true
17:07:35.160 [AsyncHttpClient-1-2] DEBUG io.netty.buffer.AbstractByteBuf - -Dio.netty.buffer.checkBounds: true
17:07:35.160 [AsyncHttpClient-1-2] DEBUG io.netty.util.ResourceLeakDetectorFactory - Loaded default ResourceLeakDetector: io.netty.util.ResourceLeakDetector@32d6c155
17:07:35.173 [AsyncHttpClient-1-2] DEBUG org.asynchttpclient.netty.channel.NettyConnectListener - Using new Channel '[id: 0x57e34f4c, L:/127.0.0.1:58307 - R:localhost/127.0.0.1:22213]' for 'POST' to '/session'
17:07:35.195 [AsyncHttpClient-1-2] DEBUG io.netty.util.Recycler - -Dio.netty.recycler.maxCapacityPerThread: 4096
17:07:35.195 [AsyncHttpClient-1-2] DEBUG io.netty.util.Recycler - -Dio.netty.recycler.maxSharedCapacityFactor: 2
17:07:35.195 [AsyncHttpClient-1-2] DEBUG io.netty.util.Recycler - -Dio.netty.recycler.linkCapacity: 16
17:07:35.195 [AsyncHttpClient-1-2] DEBUG io.netty.util.Recycler - -Dio.netty.recycler.ratio: 8
17:07:35.195 [AsyncHttpClient-1-2] DEBUG io.netty.util.Recycler - -Dio.netty.recycler.delayedQueue.ratio: 8
17:07:38.316 [AsyncHttpClient-1-2] DEBUG org.asynchttpclient.netty.handler.HttpHandler - 

Request DefaultHttpRequest(decodeResult: success, version: HTTP/1.1)
POST /session HTTP/1.1
User-Agent: selenium/4.0.0-alpha-7 (java mac)
Content-Length: 427
Content-Type: application/json; charset=utf-8
host: localhost:22213
accept: */*

Response DefaultHttpResponse(decodeResult: success, version: HTTP/1.1)
HTTP/1.1 200 OK
content-type: application/json; charset=utf-8
cache-control: no-cache
content-length: 735
date: Wed, 07 Apr 2021 16:07:35 GMT

17:07:38.334 [AsyncHttpClient-1-2] DEBUG org.asynchttpclient.netty.channel.ChannelManager - Adding key: http://localhost:22213 for channel [id: 0x57e34f4c, L:/127.0.0.1:58307 - R:localhost/127.0.0.1:22213]
17:07:38.427 [Forwarding get on session d11909ba-625d-c948-8a71-2b45a4cd000e to remote] DEBUG org.asynchttpclient.netty.request.NettyRequestSender - Using pooled Channel '[id: 0x57e34f4c, L:/127.0.0.1:58307 - R:localhost/127.0.0.1:22213]' for 'POST' to 'http://localhost:22213/session/d11909ba-625d-c948-8a71-2b45a4cd000e/url'
17:07:38.428 [Forwarding get on session d11909ba-625d-c948-8a71-2b45a4cd000e to remote] DEBUG org.asynchttpclient.netty.request.NettyRequestSender - Using open Channel [id: 0x57e34f4c, L:/127.0.0.1:58307 - R:localhost/127.0.0.1:22213] for POST '/session/d11909ba-625d-c948-8a71-2b45a4cd000e/url'
17:08:06.167 [AsyncHttpClient-1-2] DEBUG org.asynchttpclient.netty.handler.HttpHandler - 

Request DefaultHttpRequest(decodeResult: success, version: HTTP/1.1)
POST /session/d11909ba-625d-c948-8a71-2b45a4cd000e/url HTTP/1.1
User-Agent: selenium/4.0.0-alpha-7 (java mac)
Content-Length: 47
Content-Type: application/json; charset=utf-8
host: localhost:22213
accept: */*

Response DefaultHttpResponse(decodeResult: success, version: HTTP/1.1)
HTTP/1.1 200 OK
content-type: application/json; charset=utf-8
cache-control: no-cache
content-length: 14
date: Wed, 07 Apr 2021 16:07:38 GMT

17:08:06.168 [AsyncHttpClient-1-2] DEBUG org.asynchttpclient.netty.channel.ChannelManager - Adding key: http://localhost:22213 for channel [id: 0x57e34f4c, L:/127.0.0.1:58307 - R:localhost/127.0.0.1:22213]
17:08:06.211 [Forwarding findElement on session d11909ba-625d-c948-8a71-2b45a4cd000e to remote] DEBUG org.asynchttpclient.netty.request.NettyRequestSender - Using pooled Channel '[id: 0x57e34f4c, L:/127.0.0.1:58307 - R:localhost/127.0.0.1:22213]' for 'POST' to 'http://localhost:22213/session/d11909ba-625d-c948-8a71-2b45a4cd000e/element'
17:08:06.211 [Forwarding findElement on session d11909ba-625d-c948-8a71-2b45a4cd000e to remote] DEBUG org.asynchttpclient.netty.request.NettyRequestSender - Using open Channel [id: 0x57e34f4c, L:/127.0.0.1:58307 - R:localhost/127.0.0.1:22213] for POST '/session/d11909ba-625d-c948-8a71-2b45a4cd000e/element'
17:08:06.215 [AsyncHttpClient-1-2] DEBUG org.asynchttpclient.netty.handler.HttpHandler - 

Request DefaultHttpRequest(decodeResult: success, version: HTTP/1.1)
POST /session/d11909ba-625d-c948-8a71-2b45a4cd000e/element HTTP/1.1
User-Agent: selenium/4.0.0-alpha-7 (java mac)
Content-Length: 62
Content-Type: application/json; charset=utf-8
host: localhost:22213
accept: */*

Response DefaultHttpResponse(decodeResult: success, version: HTTP/1.1)
HTTP/1.1 404 Not Found
content-type: application/json; charset=utf-8
cache-control: no-cache
content-length: 709
date: Wed, 07 Apr 2021 16:08:06 GMT

17:08:06.216 [AsyncHttpClient-1-2] DEBUG org.asynchttpclient.netty.channel.ChannelManager - Adding key: http://localhost:22213 for channel [id: 0x57e34f4c, L:/127.0.0.1:58307 - R:localhost/127.0.0.1:22213]
17:08:06.233 [ForkJoinPool.commonPool-worker-5] DEBUG org.asynchttpclient.netty.request.NettyRequestSender - Using pooled Channel '[id: 0x57e34f4c, L:/127.0.0.1:58307 - R:localhost/127.0.0.1:22213]' for 'DELETE' to 'http://localhost:22213/session/d11909ba-625d-c948-8a71-2b45a4cd000e'
17:08:06.234 [ForkJoinPool.commonPool-worker-5] DEBUG org.asynchttpclient.netty.request.NettyRequestSender - Using open Channel [id: 0x57e34f4c, L:/127.0.0.1:58307 - R:localhost/127.0.0.1:22213] for DELETE '/session/d11909ba-625d-c948-8a71-2b45a4cd000e'
17:08:07.172 [AsyncHttpClient-1-2] DEBUG org.asynchttpclient.netty.handler.HttpHandler - 

Request DefaultFullHttpRequest(decodeResult: success, version: HTTP/1.1, content: EmptyByteBufBE)
DELETE /session/d11909ba-625d-c948-8a71-2b45a4cd000e HTTP/1.1
User-Agent: selenium/4.0.0-alpha-7 (java mac)
Content-Type: application/json; charset=utf-8
host: localhost:22213
accept: */*

Response DefaultHttpResponse(decodeResult: success, version: HTTP/1.1)
HTTP/1.1 200 OK
content-type: application/json; charset=utf-8
cache-control: no-cache
content-length: 14
date: Wed, 07 Apr 2021 16:08:06 GMT

17:08:07.173 [AsyncHttpClient-1-2] DEBUG org.asynchttpclient.netty.channel.ChannelManager - Adding key: http://localhost:22213 for channel [id: 0x57e34f4c, L:/127.0.0.1:58307 - R:localhost/127.0.0.1:22213]
17:08:07.177 [AsyncHttpClient-1-2] DEBUG org.asynchttpclient.netty.handler.HttpHandler - Channel Closed: [id: 0x57e34f4c, L:/127.0.0.1:58307 ! R:localhost/127.0.0.1:22213] with attribute DISCARD
]]></system-out>
    <system-err><![CDATA[1617811649708	geckodriver	INFO	Listening on 127.0.0.1:22213
1617811655279	mozrunner::runner	INFO	Running command: "/Applications/Firefox.app/Contents/MacOS/firefox-bin" "--marionette" "-foreground" "-no-remote" "-profile" "/var/folders/p6/n3vpmbmn2s15fhn83qmld1800000gn/T/rust_mozprofilejUcU7C"
console.warn: SearchSettings: "get: No settings file exists, new profile?" (new Error("", "(unknown module)"))
1617811658193	Marionette	INFO	Listening on port 58308
1617811658286	Marionette	WARN	TLS certificate errors will be ignored for this session
Apr 07, 2021 5:07:38 PM org.openqa.selenium.remote.ProtocolHandshake createSession
INFO: Detected dialect: W3C
1617811686253	Marionette	INFO	Stopped listening on port 58308

###!!! [Parent][RunMessage] Error: Channel closing: too late to send/recv, messages will be lost

]]></system-err>
  </testcase>
</testsuite>